Generated at 2021-04-04 17:04:42 +0000
Chef::Exceptions::FileNotFound: cookbook_file[/var/www/html/index.html] (apache::default line 14) had an error: Chef::Exceptions::FileNotFound: Cookbook 'apache' (0.1.0) does not contain a file at any of these locations:
  files/host-ip-172-31-21-99.eu-west-1.compute.internal/index.html.erb
  files/ubuntu-20.04/index.html.erb
  files/ubuntu/index.html.erb
  files/default/index.html.erb
  files/index.html.erb
/opt/chefdk/embedded/lib/ruby/gems/2.6.0/gems/chef-15.14.0/lib/chef/cookbook_version.rb:264:in `preferred_manifest_record'
/opt/chefdk/embedded/lib/ruby/gems/2.6.0/gems/chef-15.14.0/lib/chef/cookbook_version.rb:272:in `preferred_filename_on_disk_location'
/opt/chefdk/embedded/lib/ruby/gems/2.6.0/gems/chef-15.14.0/lib/chef/provider/cookbook_file/content.rb:31:in `file_for_provider'
/opt/chefdk/embedded/lib/ruby/gems/2.6.0/gems/chef-15.14.0/lib/chef/file_content_management/content_base.rb:42:in `tempfile'
/opt/chefdk/embedded/lib/ruby/gems/2.6.0/gems/chef-15.14.0/lib/chef/provider/file.rb:455:in `tempfile'
/opt/chefdk/embedded/lib/ruby/gems/2.6.0/gems/chef-15.14.0/lib/chef/provider/file.rb:329:in `do_generate_content'
/opt/chefdk/embedded/lib/ruby/gems/2.6.0/gems/chef-15.14.0/lib/chef/provider/file.rb:141:in `action_create'
/opt/chefdk/embedded/lib/ruby/gems/2.6.0/gems/chef-15.14.0/lib/chef/provider.rb:189:in `run_action'
/opt/chefdk/embedded/lib/ruby/gems/2.6.0/gems/chef-15.14.0/lib/chef/resource.rb:586:in `run_action'
/opt/chefdk/embedded/lib/ruby/gems/2.6.0/gems/chef-15.14.0/lib/chef/runner.rb:74:in `run_action'
/opt/chefdk/embedded/lib/ruby/gems/2.6.0/gems/chef-15.14.0/lib/chef/runner.rb:108:in `block in run_all_actions'
/opt/chefdk/embedded/lib/ruby/gems/2.6.0/gems/chef-15.14.0/lib/chef/runner.rb:108:in `each'
/opt/chefdk/embedded/lib/ruby/gems/2.6.0/gems/chef-15.14.0/lib/chef/runner.rb:108:in `run_all_actions'
/opt/chefdk/embedded/lib/ruby/gems/2.6.0/gems/chef-15.14.0/lib/chef/runner.rb:132:in `block in converge'
/opt/chefdk/embedded/lib/ruby/gems/2.6.0/gems/chef-15.14.0/lib/chef/resource_collection/resource_list.rb:96:in `block in execute_each_resource'
/opt/chefdk/embedded/lib/ruby/gems/2.6.0/gems/chef-15.14.0/lib/chef/resource_collection/stepable_iterator.rb:115:in `call_iterator_block'
/opt/chefdk/embedded/lib/ruby/gems/2.6.0/gems/chef-15.14.0/lib/chef/resource_collection/stepable_iterator.rb:86:in `step'
/opt/chefdk/embedded/lib/ruby/gems/2.6.0/gems/chef-15.14.0/lib/chef/resource_collection/stepable_iterator.rb:104:in `iterate'
/opt/chefdk/embedded/lib/ruby/gems/2.6.0/gems/chef-15.14.0/lib/chef/resource_collection/stepable_iterator.rb:55:in `each_with_index'
/opt/chefdk/embedded/lib/ruby/gems/2.6.0/gems/chef-15.14.0/lib/chef/resource_collection/resource_list.rb:94:in `execute_each_resource'
/opt/chefdk/embedded/lib/ruby/2.6.0/forwardable.rb:230:in `execute_each_resource'
/opt/chefdk/embedded/lib/ruby/gems/2.6.0/gems/chef-15.14.0/lib/chef/runner.rb:130:in `converge'
/opt/chefdk/embedded/lib/ruby/gems/2.6.0/gems/chef-15.14.0/lib/chef/client.rb:712:in `block in converge'
/opt/chefdk/embedded/lib/ruby/gems/2.6.0/gems/chef-15.14.0/lib/chef/client.rb:707:in `catch'
/opt/chefdk/embedded/lib/ruby/gems/2.6.0/gems/chef-15.14.0/lib/chef/client.rb:707:in `converge'
/opt/chefdk/embedded/lib/ruby/gems/2.6.0/gems/chef-15.14.0/lib/chef/client.rb:731:in `converge_and_save'
/opt/chefdk/embedded/lib/ruby/gems/2.6.0/gems/chef-15.14.0/lib/chef/client.rb:288:in `run'
/opt/chefdk/embedded/lib/ruby/gems/2.6.0/gems/chef-15.14.0/lib/chef/application.rb:320:in `run_with_graceful_exit_option'
/opt/chefdk/embedded/lib/ruby/gems/2.6.0/gems/chef-15.14.0/lib/chef/application.rb:296:in `block in run_chef_client'
/opt/chefdk/embedded/lib/ruby/gems/2.6.0/gems/chef-15.14.0/lib/chef/local_mode.rb:42:in `with_server_connectivity'
/opt/chefdk/embedded/lib/ruby/gems/2.6.0/gems/chef-15.14.0/lib/chef/application.rb:279:in `run_chef_client'
/opt/chefdk/embedded/lib/ruby/gems/2.6.0/gems/chef-15.14.0/lib/chef/application/base.rb:330:in `run_application'
/opt/chefdk/embedded/lib/ruby/gems/2.6.0/gems/chef-15.14.0/lib/chef/application.rb:68:in `run'
/opt/chefdk/embedded/lib/ruby/gems/2.6.0/gems/chef-15.14.0/lib/chef/application/solo.rb:59:in `run'
/opt/chefdk/embedded/lib/ruby/gems/2.6.0/gems/chef-bin-15.14.0/bin/chef-solo:24:in `<top (required)>'
/usr/bin/chef-solo:342:in `load'
/usr/bin/chef-solo:342:in `<main>'

>>>> Caused by Chef::Exceptions::FileNotFound: Cookbook 'apache' (0.1.0) does not contain a file at any of these locations:
  files/host-ip-172-31-21-99.eu-west-1.compute.internal/index.html.erb
  files/ubuntu-20.04/index.html.erb
  files/ubuntu/index.html.erb
  files/default/index.html.erb
  files/index.html.erb
/opt/chefdk/embedded/lib/ruby/gems/2.6.0/gems/chef-15.14.0/lib/chef/cookbook_version.rb:264:in `preferred_manifest_record'
/opt/chefdk/embedded/lib/ruby/gems/2.6.0/gems/chef-15.14.0/lib/chef/cookbook_version.rb:272:in `preferred_filename_on_disk_location'
/opt/chefdk/embedded/lib/ruby/gems/2.6.0/gems/chef-15.14.0/lib/chef/provider/cookbook_file/content.rb:31:in `file_for_provider'
/opt/chefdk/embedded/lib/ruby/gems/2.6.0/gems/chef-15.14.0/lib/chef/file_content_management/content_base.rb:42:in `tempfile'
/opt/chefdk/embedded/lib/ruby/gems/2.6.0/gems/chef-15.14.0/lib/chef/provider/file.rb:455:in `tempfile'
/opt/chefdk/embedded/lib/ruby/gems/2.6.0/gems/chef-15.14.0/lib/chef/provider/file.rb:329:in `do_generate_content'
/opt/chefdk/embedded/lib/ruby/gems/2.6.0/gems/chef-15.14.0/lib/chef/provider/file.rb:141:in `action_create'
/opt/chefdk/embedded/lib/ruby/gems/2.6.0/gems/chef-15.14.0/lib/chef/provider.rb:189:in `run_action'
/opt/chefdk/embedded/lib/ruby/gems/2.6.0/gems/chef-15.14.0/lib/chef/resource.rb:586:in `run_action'
/opt/chefdk/embedded/lib/ruby/gems/2.6.0/gems/chef-15.14.0/lib/chef/runner.rb:74:in `run_action'
/opt/chefdk/embedded/lib/ruby/gems/2.6.0/gems/chef-15.14.0/lib/chef/runner.rb:108:in `block in run_all_actions'
/opt/chefdk/embedded/lib/ruby/gems/2.6.0/gems/chef-15.14.0/lib/chef/runner.rb:108:in `each'
/opt/chefdk/embedded/lib/ruby/gems/2.6.0/gems/chef-15.14.0/lib/chef/runner.rb:108:in `run_all_actions'
/opt/chefdk/embedded/lib/ruby/gems/2.6.0/gems/chef-15.14.0/lib/chef/runner.rb:132:in `block in converge'
/opt/chefdk/embedded/lib/ruby/gems/2.6.0/gems/chef-15.14.0/lib/chef/resource_collection/resource_list.rb:96:in `block in execute_each_resource'
/opt/chefdk/embedded/lib/ruby/gems/2.6.0/gems/chef-15.14.0/lib/chef/resource_collection/stepable_iterator.rb:115:in `call_iterator_block'
/opt/chefdk/embedded/lib/ruby/gems/2.6.0/gems/chef-15.14.0/lib/chef/resource_collection/stepable_iterator.rb:86:in `step'
/opt/chefdk/embedded/lib/ruby/gems/2.6.0/gems/chef-15.14.0/lib/chef/resource_collection/stepable_iterator.rb:104:in `iterate'
/opt/chefdk/embedded/lib/ruby/gems/2.6.0/gems/chef-15.14.0/lib/chef/resource_collection/stepable_iterator.rb:55:in `each_with_index'
/opt/chefdk/embedded/lib/ruby/gems/2.6.0/gems/chef-15.14.0/lib/chef/resource_collection/resource_list.rb:94:in `execute_each_resource'
/opt/chefdk/embedded/lib/ruby/2.6.0/forwardable.rb:230:in `execute_each_resource'
/opt/chefdk/embedded/lib/ruby/gems/2.6.0/gems/chef-15.14.0/lib/chef/runner.rb:130:in `converge'
/opt/chefdk/embedded/lib/ruby/gems/2.6.0/gems/chef-15.14.0/lib/chef/client.rb:712:in `block in converge'
/opt/chefdk/embedded/lib/ruby/gems/2.6.0/gems/chef-15.14.0/lib/chef/client.rb:707:in `catch'
/opt/chefdk/embedded/lib/ruby/gems/2.6.0/gems/chef-15.14.0/lib/chef/client.rb:707:in `converge'
/opt/chefdk/embedded/lib/ruby/gems/2.6.0/gems/chef-15.14.0/lib/chef/client.rb:731:in `converge_and_save'
/opt/chefdk/embedded/lib/ruby/gems/2.6.0/gems/chef-15.14.0/lib/chef/client.rb:288:in `run'
/opt/chefdk/embedded/lib/ruby/gems/2.6.0/gems/chef-15.14.0/lib/chef/application.rb:320:in `run_with_graceful_exit_option'
/opt/chefdk/embedded/lib/ruby/gems/2.6.0/gems/chef-15.14.0/lib/chef/application.rb:296:in `block in run_chef_client'
/opt/chefdk/embedded/lib/ruby/gems/2.6.0/gems/chef-15.14.0/lib/chef/local_mode.rb:42:in `with_server_connectivity'
/opt/chefdk/embedded/lib/ruby/gems/2.6.0/gems/chef-15.14.0/lib/chef/application.rb:279:in `run_chef_client'
/opt/chefdk/embedded/lib/ruby/gems/2.6.0/gems/chef-15.14.0/lib/chef/application/base.rb:330:in `run_application'
/opt/chefdk/embedded/lib/ruby/gems/2.6.0/gems/chef-15.14.0/lib/chef/application.rb:68:in `run'
/opt/chefdk/embedded/lib/ruby/gems/2.6.0/gems/chef-15.14.0/lib/chef/application/solo.rb:59:in `run'
/opt/chefdk/embedded/lib/ruby/gems/2.6.0/gems/chef-bin-15.14.0/bin/chef-solo:24:in `<top (required)>'
/usr/bin/chef-solo:342:in `load'
/usr/bin/chef-solo:342:in `<main>'